{"logTime": "0720/092055", "correlationVector":"YFOAABJ4ycy+qeZpzfQFL3.1","action":"SyncServerConnectionManagerRequest", "result":"SYNC_SERVER_OK", "context":{"environment":"Prod_southeastasia_prod-s01-064-apac-southeastasia", "migrationStage":"NotStarted", "server":"akswtt00200000s"}}
{"logTime": "0720/092055", "correlationVector":"YFOAABJ4ycy+qeZpzfQFL3.2","action":"ProcessGetUpdates", "result":"Done", "context":{"dataType":"Encryption Keys", "deleted":"0", "process_failed_to_decrypt":"0", "process_pending_decryption":"0", "process_success":"1", "total":"1"}}
{"logTime": "0720/092055", "correlationVector":"Yml3+ILKmyah8/ge5XKhmW","action":"SyncServerConnectionManagerRequest", "result":"SYNC_SERVER_OK", "context":{"environment":"", "migrationStage":"", "server":""}}
{"logTime": "0720/092055", "correlationVector":"Yml3+ILKmyah8/ge5XKhmW.0","action":"EncryptionKeysFetcher.DownloadKeys:", "result":"Success", "context":Key count: 10, Last key timestamp: 2026-07-11T02:35:57Z}
{"logTime": "0720/092055", "correlationVector":"Yml3+ILKmyah8/ge5XKhmW.1","action":"EncryptionKeysManager::SetEncryptionKeys:", "result":"Success", "context":Key names[10]:[3rkLkm/D6NZiSaDHpFyFO5YhpN8Abw/dvFvqge4oQFWz8e6B8kHCXQn5T8eOcfIeQAtaIecmJ3DpY9Ki/Xg2rA==][PPW5udhAw0ogNIZB9iNxVDnjNLsWhgXutJ/siDbNjpk68QAR5e+y+urm751JeoL96dfEfAPuw3n/mdKa5V7AxA==][ThluBqMLEEMQDp2KpM0pY0NZXXdY2f1YbT9913Dc38xx7ZKEKdXjbE4UYXPjLqEei5/jIwwPF6+9gCJ07mUbFA==][1Ow7V2nwb5D/bnPW3xsC7Tyc2Fn3lDF0uWalnWZmyVTF7QlGBcni0dOx2YpQW9sg35Ce3nWo3bsNPsuZ5DuXOA==][RvYRS+mmwSh8k35COBIfqw7gFaosriUvWxciEp4KVQYYRLIq+dkUels9JcIBzlS8IcH1zOfVaGXyTAakiAvVkA==][+UiUofAgISgkZCh6Qvt2JsjcbPBde+x7bD29LXvkzZ401VzBYKj8vjXxT/z1pe4K3VfpAnUPE/J5LhpaEn/w8w==][G9qg7Jb2BOjUGvdrXx6Ep0B69cSSju5rCON8oXWque04NLH0aRH7vt3x9cKsR5doFVJg5WPS/7WR5UDCJTVIig==][Bjp51Rj64CAoYjjc7VDYlnXo2b+wa6141QwulniKnG83zvMZPQ7DOMVl8SINAVDpNdd8mHNAwMb84I2PcF8XAw==][lHF+FjA7UrUICJ9ClynaZH0onBaPQo6888a/Bu8gXwQs8ykScEOkxWHPUKlGUOi5pJtbOZEJuEH03B2U4/pAgg==][7UI6DJzDNvmPQ+lDjGj2XAjyqqoVwwXY7hhzAzBe1PZuzNjDzusY0nly1eh9p9DX/8zV+nTLesI7eEAgmmyuDw==]}
{"logTime": "0720/092055", "correlationVector":"Yml3+ILKmyah8/ge5XKhmW.2","action":"EncryptionKeysManager::SetEncryptionKeysWithTimestamps:", "result":"Success", "context":Key timestamps[10]:[2022-07-04T23:22:12Z][2023-01-02T10:20:28Z][2023-07-02T21:23:17Z][2024-01-06T14:49:34Z][2024-01-06T14:55:59Z][2024-07-09T08:10:05Z][2025-01-10T15:21:20Z][2025-07-14T18:37:52Z][2026-01-11T05:21:56Z][2026-07-11T02:35:57Z]}
{"logTime": "0720/092055", "correlationVector":"YFOAABJ4ycy+qeZpzfQFL3","action":"Initial GetUpdates", "result":"", "context":Reason: NEW_CLIENT. cV=YFOAABJ4ycy+qeZpzfQFL3}
{"logTime": "0720/092055", "correlationVector":"YFOAABJ4ycy+qeZpzfQFL3.3","action":"GetUpdates Response", "result":"Success", "context":Received 1 update(s). cV=YFOAABJ4ycy+qeZpzfQFL3.0;server=akswtt00200000s;cloudType=Consumer;environment=Prod_southeastasia_prod-s01-064-apac-southeastasia;migrationStage=NotStarted}
{"logTime": "0720/092055", "correlationVector":"Qsq261Q3YYkGz2hEDPTj6Q","action":"Initial GetUpdates", "result":"", "context":Reason: NEWLY_SUPPORTED_DATATYPE. cV=Qsq261Q3YYkGz2hEDPTj6Q}
{"logTime": "0720/092056", "correlationVector":"Qsq261Q3YYkGz2hEDPTj6Q.1","action":"SyncServerConnectionManagerRequest", "result":"SYNC_SERVER_OK", "context":{"environment":"Prod_southeastasia_prod-s01-064-apac-southeastasia", "migrationStage":"NotStarted", "server":"akswtt002000015"}}
{"logTime": "0720/092056", "correlationVector":"Qsq261Q3YYkGz2hEDPTj6Q.2","action":"ProcessGetUpdates", "result":"Done", "context":{"dataType":"Passwords", "deleted":"0", "process_failed_to_decrypt":"0", "process_pending_decryption":"0", "process_success":"85", "total":"85"}}
{"logTime": "0720/092056", "correlationVector":"Qsq261Q3YYkGz2hEDPTj6Q.3","action":"ProcessGetUpdates", "result":"Done", "context":{"dataType":"Device Info", "deleted":"0", "process_failed_to_decrypt":"0", "process_pending_decryption":"0", "process_success":"16", "total":"16"}}
{"logTime": "0720/092056", "correlationVector":"Qsq261Q3YYkGz2hEDPTj6Q.4","action":"GetUpdates Response", "result":"Success", "context":Received 101 update(s). cV=Qsq261Q3YYkGz2hEDPTj6Q.0;server=akswtt002000015;cloudType=Consumer;environment=Prod_southeastasia_prod-s01-064-apac-southeastasia;migrationStage=NotStarted}
{"logTime": "0720/092056", "correlationVector":"HYYQp1o2x/utuwEZ3M8h+n","action":"Initial GetUpdates", "result":"", "context":Reason: NEWLY_SUPPORTED_DATATYPE. cV=HYYQp1o2x/utuwEZ3M8h+n}
{"logTime": "0720/092057", "correlationVector":"HYYQp1o2x/utuwEZ3M8h+n.1","action":"SyncServerConnectionManagerRequest", "result":"SYNC_SERVER_OK", "context":{"environment":"Prod_southeastasia_prod-s01-064-apac-southeastasia", "migrationStage":"NotStarted", "server":"akswtt00200001a"}}
{"logTime": "0720/092057", "correlationVector":"HYYQp1o2x/utuwEZ3M8h+n.2","action":"ProcessGetUpdates", "result":"Done", "context":{"dataType":"Bookmarks", "deleted":"0", "process_failed_to_decrypt":"0", "process_pending_decryption":"0", "process_success":"42", "total":"42"}}
{"logTime": "0720/092057", "correlationVector":"HYYQp1o2x/utuwEZ3M8h+n.3","action":"ProcessGetUpdates", "result":"Done", "context":{"dataType":"Preferences", "deleted":"1", "process_failed_to_decrypt":"0", "process_pending_decryption":"0", "process_success":"91", "total":"91"}}
{"logTime": "0720/092057", "correlationVector":"HYYQp1o2x/utuwEZ3M8h+n.4","action":"ProcessGetUpdates", "result":"Done", "context":{"dataType":"Autofill Profiles", "deleted":"1", "process_failed_to_decrypt":"0", "process_pending_decryption":"0", "process_success":"1", "total":"1"}}
{"logTime": "0720/092057", "correlationVector":"HYYQp1o2x/utuwEZ3M8h+n.5","action":"ProcessGetUpdates", "result":"Done", "context":{"dataType":"Autofill", "deleted":"0", "process_failed_to_decrypt":"0", "process_pending_decryption":"0", "process_success":"11", "total":"11"}}
{"logTime": "0720/092057", "correlationVector":"HYYQp1o2x/utuwEZ3M8h+n.6","action":"ProcessGetUpdates", "result":"Done", "context":{"dataType":"Sessions", "deleted":"99", "process_failed_to_decrypt":"0", "process_pending_decryption":"0", "process_success":"99", "total":"99"}}
{"logTime": "0720/092057", "correlationVector":"HYYQp1o2x/utuwEZ3M8h+n.7","action":"ProcessGetUpdates", "result":"Done", "context":{"dataType":"Edge Hub App Usage", "deleted":"1", "process_failed_to_decrypt":"0", "process_pending_decryption":"0", "process_success":"6", "total":"6"}}
{"logTime": "0720/092057", "correlationVector":"HYYQp1o2x/utuwEZ3M8h+n.8","action":"GetUpdates Response", "result":"Success", "context":Received 250 update(s). cV=HYYQp1o2x/utuwEZ3M8h+n.0;server=akswtt00200001a;cloudType=Consumer;environment=Prod_southeastasia_prod-s01-064-apac-southeastasia;migrationStage=NotStarted Some updates remain.}
{"logTime": "0720/092057", "correlationVector":"TI7TBNVXA7p4cquBX3zVYq","action":"Initial GetUpdates", "result":"", "context":Reason: NEWLY_SUPPORTED_DATATYPE. cV=TI7TBNVXA7p4cquBX3zVYq}
{"logTime": "0720/092058", "correlationVector":"TI7TBNVXA7p4cquBX3zVYq.1","action":"SyncServerConnectionManagerRequest", "result":"SYNC_SERVER_OK", "context":{"environment":"Prod_southeastasia_prod-s01-064-apac-southeastasia", "migrationStage":"NotStarted", "server":"akswtt00200001l"}}
{"logTime": "0720/092058", "correlationVector":"TI7TBNVXA7p4cquBX3zVYq.2","action":"ProcessGetUpdates", "result":"Done", "context":{"dataType":"Preferences", "deleted":"0", "process_failed_to_decrypt":"0", "process_pending_decryption":"0", "process_success":"4", "total":"4"}}
{"logTime": "0720/092058", "correlationVector":"TI7TBNVXA7p4cquBX3zVYq.3","action":"ProcessGetUpdates", "result":"Done", "context":{"dataType":"Autofill Profiles", "deleted":"0", "process_failed_to_decrypt":"0", "process_pending_decryption":"0", "process_success":"2", "total":"2"}}
{"logTime": "0720/092058", "correlationVector":"TI7TBNVXA7p4cquBX3zVYq.4","action":"ProcessGetUpdates", "result":"Done", "context":{"dataType":"Autofill", "deleted":"0", "process_failed_to_decrypt":"0", "process_pending_decryption":"0", "process_success":"96", "total":"96"}}
{"logTime": "0720/092058", "correlationVector":"TI7TBNVXA7p4cquBX3zVYq.5","action":"ProcessGetUpdates", "result":"Done", "context":{"dataType":"Extensions", "deleted":"0", "process_failed_to_decrypt":"0", "process_pending_decryption":"0", "process_success":"1", "total":"1"}}
{"logTime": "0720/092058", "correlationVector":"TI7TBNVXA7p4cquBX3zVYq.6","action":"ProcessGetUpdates", "result":"Done", "context":{"dataType":"Sessions", "deleted":"48", "process_failed_to_decrypt":"0", "process_pending_decryption":"0", "process_success":"51", "total":"51"}}
{"logTime": "0720/092058", "correlationVector":"TI7TBNVXA7p4cquBX3zVYq.7","action":"ProcessGetUpdates", "result":"Done", "context":{"dataType":"Edge Hub App Usage", "deleted":"1", "process_failed_to_decrypt":"0", "process_pending_decryption":"0", "process_success":"2", "total":"2"}}
{"logTime": "0720/092058", "correlationVector":"TI7TBNVXA7p4cquBX3zVYq.8","action":"GetUpdates Response", "result":"Success", "context":Received 156 update(s). cV=TI7TBNVXA7p4cquBX3zVYq.0;server=akswtt00200001l;cloudType=Consumer;environment=Prod_southeastasia_prod-s01-064-apac-southeastasia;migrationStage=NotStarted}
{"logTime": "0720/092058", "correlationVector":"SzJnOhwlOp/jIacQKPJI4O","action":"Initial GetUpdates", "result":"", "context":Reason: NEWLY_SUPPORTED_DATATYPE. cV=SzJnOhwlOp/jIacQKPJI4O}
